<?xml version="1.0" encoding="UTF-8"?>
<coverage generated="1711352679566" clover="3.2.0">
  <project timestamp="1711352679567" name="All files">
    <metrics statements="56" coveredstatements="43" conditionals="4" coveredconditionals="0" methods="9" coveredmethods="1" elements="69" coveredelements="44" complexity="0" loc="56" ncloc="56" packages="3" files="4" classes="4"/>
    <package name="personal-avans-devops-2324-kevinkatja">
      <metrics statements="28" coveredstatements="23" conditionals="4" coveredconditionals="0" methods="2" coveredmethods="0"/>
      <file name="app.js" path="C:\Users\kevin\OneDrive\Oud\Documenten\GitHub\OPDRACHTEN\DEVOPS\personal-avans-devops-2324\personal-avans-devops-2324-kevinkatja\app.js">
        <metrics statements="28" coveredstatements="23" conditionals="4" coveredconditionals="0" methods="2" coveredmethods="0"/>
        <line num="1" count="1" type="stmt"/>
        <line num="2" count="1" type="stmt"/>
        <line num="3" count="1" type="stmt"/>
        <line num="4" count="1" type="stmt"/>
        <line num="5" count="1" type="stmt"/>
        <line num="6" count="1" type="stmt"/>
        <line num="8" count="1" type="stmt"/>
        <line num="9" count="1" type="stmt"/>
        <line num="11" count="1" type="stmt"/>
        <line num="21" count="1" type="stmt"/>
        <line num="24" count="1" type="stmt"/>
        <line num="25" count="1" type="stmt"/>
        <line num="27" count="1" type="stmt"/>
        <line num="28" count="1" type="stmt"/>
        <line num="29" count="1" type="stmt"/>
        <line num="30" count="1" type="stmt"/>
        <line num="31" count="1" type="stmt"/>
        <line num="33" count="1" type="stmt"/>
        <line num="35" count="1" type="stmt"/>
        <line num="36" count="1" type="stmt"/>
        <line num="39" count="1" type="stmt"/>
        <line num="40" count="0" type="stmt"/>
        <line num="44" count="1" type="stmt"/>
        <line num="46" count="0" type="stmt"/>
        <line num="47" count="0" type="cond" truecount="0" falsecount="2"/>
        <line num="50" count="0" type="cond" truecount="0" falsecount="2"/>
        <line num="51" count="0" type="stmt"/>
        <line num="54" count="1" type="stmt"/>
      </file>
    </package>
    <package name="personal-avans-devops-2324-kevinkatja.routes">
      <metrics statements="23" coveredstatements="15" conditionals="0" coveredconditionals="0" methods="7" coveredmethods="1"/>
      <file name="index.js" path="C:\Users\kevin\OneDrive\Oud\Documenten\GitHub\OPDRACHTEN\DEVOPS\personal-avans-devops-2324\personal-avans-devops-2324-kevinkatja\routes\index.js">
        <metrics statements="5" coveredstatements="4" conditionals="0" coveredconditionals="0" methods="1" coveredmethods="0"/>
        <line num="1" count="1" type="stmt"/>
        <line num="2" count="1" type="stmt"/>
        <line num="5" count="1" type="stmt"/>
        <line num="6" count="0" type="stmt"/>
        <line num="11" count="1" type="stmt"/>
      </file>
      <file name="users.js" path="C:\Users\kevin\OneDrive\Oud\Documenten\GitHub\OPDRACHTEN\DEVOPS\personal-avans-devops-2324\personal-avans-devops-2324-kevinkatja\routes\users.js">
        <metrics statements="18" coveredstatements="11" conditionals="0" coveredconditionals="0" methods="6" coveredmethods="1"/>
        <line num="1" count="1" type="stmt"/>
        <line num="2" count="1" type="stmt"/>
        <line num="3" count="1" type="stmt"/>
        <line num="6" count="1" type="stmt"/>
        <line num="7" count="1" type="stmt"/>
        <line num="8" count="1" type="stmt"/>
        <line num="9" count="1" type="stmt"/>
        <line num="10" count="1" type="stmt"/>
        <line num="12" count="0" type="stmt"/>
        <line num="13" count="0" type="stmt"/>
        <line num="17" count="1" type="stmt"/>
        <line num="18" count="0" type="stmt"/>
        <line num="19" count="0" type="stmt"/>
        <line num="23" count="1" type="stmt"/>
        <line num="24" count="0" type="stmt"/>
        <line num="25" count="0" type="stmt"/>
        <line num="26" count="0" type="stmt"/>
        <line num="29" count="1" type="stmt"/>
      </file>
    </package>
    <package name="personal-avans-devops-2324-kevinkatja.services">
      <metrics statements="5" coveredstatements="5" conditionals="0" coveredconditionals="0" methods="0" coveredmethods="0"/>
      <file name="database.js" path="C:\Users\kevin\OneDrive\Oud\Documenten\GitHub\OPDRACHTEN\DEVOPS\personal-avans-devops-2324\personal-avans-devops-2324-kevinkatja\services\database.js">
        <metrics statements="5" coveredstatements="5" conditionals="0" coveredconditionals="0" methods="0" coveredmethods="0"/>
        <line num="1" count="1" type="stmt"/>
        <line num="2" count="1" type="stmt"/>
        <line num="3" count="1" type="stmt"/>
        <line num="4" count="1" type="stmt"/>
        <line num="6" count="1" type="stmt"/>
      </file>
    </package>
  </project>
</coverage>
