{"C:\\Users\\kevin\\OneDrive\\Oud\\Documenten\\GitHub\\OPDRACHTEN\\DEVOPS\\personal-avans-devops-2324\\personal-avans-devops-2324-kevinkatja\\app.js": {"path":"C:\\Users\\kevin\\OneDrive\\Oud\\Documenten\\GitHub\\OPDRACHTEN\\DEVOPS\\personal-avans-devops-2324\\personal-avans-devops-2324-kevinkatja\\app.js","statementMap":{"0":{"start":{"line":1,"column":20},"end":{"line":1,"column":42}},"1":{"start":{"line":2,"column":16},"end":{"line":2,"column":34}},"2":{"start":{"line":3,"column":13},"end":{"line":3,"column":28}},"3":{"start":{"line":4,"column":19},"end":{"line":4,"column":49}},"4":{"start":{"line":5,"column":21},"end":{"line":5,"column":45}},"5":{"start":{"line":6,"column":15},"end":{"line":6,"column":32}},"6":{"start":{"line":8,"column":20},"end":{"line":8,"column":45}},"7":{"start":{"line":9,"column":20},"end":{"line":9,"column":45}},"8":{"start":{"line":11,"column":26},"end":{"line":19,"column":1}},"9":{"start":{"line":21,"column":12},"end":{"line":21,"column":21}},"10":{"start":{"line":24,"column":0},"end":{"line":24,"column":48}},"11":{"start":{"line":25,"column":0},"end":{"line":25,"column":31}},"12":{"start":{"line":27,"column":0},"end":{"line":27,"column":23}},"13":{"start":{"line":28,"column":0},"end":{"line":28,"column":24}},"14":{"start":{"line":29,"column":0},"end":{"line":29,"column":47}},"15":{"start":{"line":30,"column":0},"end":{"line":30,"column":24}},"16":{"start":{"line":31,"column":0},"end":{"line":31,"column":56}},"17":{"start":{"line":33,"column":0},"end":{"line":33,"column":27}},"18":{"start":{"line":35,"column":0},"end":{"line":35,"column":26}},"19":{"start":{"line":36,"column":0},"end":{"line":36,"column":31}},"20":{"start":{"line":39,"column":0},"end":{"line":41,"column":3}},"21":{"start":{"line":40,"column":4},"end":{"line":40,"column":27}},"22":{"start":{"line":44,"column":0},"end":{"line":52,"column":3}},"23":{"start":{"line":46,"column":4},"end":{"line":46,"column":37}},"24":{"start":{"line":47,"column":4},"end":{"line":47,"column":71}},"25":{"start":{"line":50,"column":4},"end":{"line":50,"column":34}},"26":{"start":{"line":51,"column":4},"end":{"line":51,"column":24}},"27":{"start":{"line":54,"column":0},"end":{"line":54,"column":21}}},"fnMap":{"0":{"name":"(anonymous_0)","decl":{"start":{"line":39,"column":8},"end":{"line":39,"column":9}},"loc":{"start":{"line":39,"column":34},"end":{"line":41,"column":1}},"line":39},"1":{"name":"(anonymous_1)","decl":{"start":{"line":44,"column":8},"end":{"line":44,"column":9}},"loc":{"start":{"line":44,"column":33},"end":{"line":52,"column":1}},"line":44}},"branchMap":{"0":{"loc":{"start":{"line":47,"column":23},"end":{"line":47,"column":70}},"type":"cond-expr","locations":[{"start":{"line":47,"column":62},"end":{"line":47,"column":65}},{"start":{"line":47,"column":68},"end":{"line":47,"column":70}}],"line":47},"1":{"loc":{"start":{"line":50,"column":15},"end":{"line":50,"column":32}},"type":"binary-expr","locations":[{"start":{"line":50,"column":15},"end":{"line":50,"column":25}},{"start":{"line":50,"column":29},"end":{"line":50,"column":32}}],"line":50}},"s":{"0":1,"1":1,"2":1,"3":1,"4":1,"5":1,"6":1,"7":1,"8":1,"9":1,"10":1,"11":1,"12":1,"13":1,"14":1,"15":1,"16":1,"17":1,"18":1,"19":1,"20":1,"21":0,"22":1,"23":0,"24":0,"25":0,"26":0,"27":1},"f":{"0":0,"1":0},"b":{"0":[0,0],"1":[0,0]},"_coverageSchema":"1a1c01bbd47fc00a2c39e90264f33305004495a9","hash":"07b62b2632ec4692383ea4561e59a0b6f948eba6"}
,"C:\\Users\\kevin\\OneDrive\\Oud\\Documenten\\GitHub\\OPDRACHTEN\\DEVOPS\\personal-avans-devops-2324\\personal-avans-devops-2324-kevinkatja\\routes\\index.js": {"path":"C:\\Users\\kevin\\OneDrive\\Oud\\Documenten\\GitHub\\OPDRACHTEN\\DEVOPS\\personal-avans-devops-2324\\personal-avans-devops-2324-kevinkatja\\routes\\index.js","statementMap":{"0":{"start":{"line":1,"column":16},"end":{"line":1,"column":34}},"1":{"start":{"line":2,"column":15},"end":{"line":2,"column":31}},"2":{"start":{"line":5,"column":0},"end":{"line":7,"column":3}},"3":{"start":{"line":6,"column":2},"end":{"line":6,"column":44}},"4":{"start":{"line":11,"column":0},"end":{"line":11,"column":24}}},"fnMap":{"0":{"name":"(anonymous_0)","decl":{"start":{"line":5,"column":16},"end":{"line":5,"column":17}},"loc":{"start":{"line":5,"column":35},"end":{"line":7,"column":1}},"line":5}},"branchMap":{},"s":{"0":1,"1":1,"2":1,"3":0,"4":1},"f":{"0":0},"b":{},"_coverageSchema":"1a1c01bbd47fc00a2c39e90264f33305004495a9","hash":"38d81bb15d141f64614392139c1b599712c058d8"}
,"C:\\Users\\kevin\\OneDrive\\Oud\\Documenten\\GitHub\\OPDRACHTEN\\DEVOPS\\personal-avans-devops-2324\\personal-avans-devops-2324-kevinkatja\\routes\\users.js": {"path":"C:\\Users\\kevin\\OneDrive\\Oud\\Documenten\\GitHub\\OPDRACHTEN\\DEVOPS\\personal-avans-devops-2324\\personal-avans-devops-2324-kevinkatja\\routes\\users.js","statementMap":{"0":{"start":{"line":1,"column":16},"end":{"line":1,"column":34}},"1":{"start":{"line":2,"column":15},"end":{"line":2,"column":31}},"2":{"start":{"line":3,"column":15},"end":{"line":3,"column":46}},"3":{"start":{"line":6,"column":0},"end":{"line":15,"column":3}},"4":{"start":{"line":7,"column":2},"end":{"line":14,"column":3}},"5":{"start":{"line":8,"column":16},"end":{"line":8,"column":61}},"6":{"start":{"line":9,"column":4},"end":{"line":9,"column":23}},"7":{"start":{"line":10,"column":4},"end":{"line":10,"column":20}},"8":{"start":{"line":12,"column":4},"end":{"line":12,"column":23}},"9":{"start":{"line":13,"column":4},"end":{"line":13,"column":76}},"10":{"start":{"line":17,"column":0},"end":{"line":21,"column":3}},"11":{"start":{"line":18,"column":2},"end":{"line":20,"column":11}},"12":{"start":{"line":19,"column":4},"end":{"line":19,"column":29}},"13":{"start":{"line":23,"column":0},"end":{"line":27,"column":2}},"14":{"start":{"line":24,"column":2},"end":{"line":26,"column":45}},"15":{"start":{"line":25,"column":20},"end":{"line":25,"column":67}},"16":{"start":{"line":26,"column":18},"end":{"line":26,"column":43}},"17":{"start":{"line":29,"column":0},"end":{"line":29,"column":24}}},"fnMap":{"0":{"name":"(anonymous_0)","decl":{"start":{"line":6,"column":16},"end":{"line":6,"column":17}},"loc":{"start":{"line":6,"column":42},"end":{"line":15,"column":1}},"line":6},"1":{"name":"(anonymous_1)","decl":{"start":{"line":17,"column":20},"end":{"line":17,"column":21}},"loc":{"start":{"line":17,"column":40},"end":{"line":21,"column":1}},"line":17},"2":{"name":"(anonymous_2)","decl":{"start":{"line":18,"column":13},"end":{"line":18,"column":14}},"loc":{"start":{"line":18,"column":19},"end":{"line":20,"column":3}},"line":18},"3":{"name":"(anonymous_3)","decl":{"start":{"line":23,"column":17},"end":{"line":23,"column":18}},"loc":{"start":{"line":23,"column":36},"end":{"line":27,"column":1}},"line":23},"4":{"name":"(anonymous_4)","decl":{"start":{"line":25,"column":10},"end":{"line":25,"column":11}},"loc":{"start":{"line":25,"column":20},"end":{"line":25,"column":67}},"line":25},"5":{"name":"(anonymous_5)","decl":{"start":{"line":26,"column":11},"end":{"line":26,"column":12}},"loc":{"start":{"line":26,"column":18},"end":{"line":26,"column":43}},"line":26}},"branchMap":{},"s":{"0":1,"1":1,"2":1,"3":1,"4":1,"5":1,"6":1,"7":1,"8":0,"9":0,"10":1,"11":0,"12":0,"13":1,"14":0,"15":0,"16":0,"17":1},"f":{"0":1,"1":0,"2":0,"3":0,"4":0,"5":0},"b":{},"_coverageSchema":"1a1c01bbd47fc00a2c39e90264f33305004495a9","hash":"2719518fc5ceb32c06b2fc6c8fa7789cf31c0a0c"}
,"C:\\Users\\kevin\\OneDrive\\Oud\\Documenten\\GitHub\\OPDRACHTEN\\DEVOPS\\personal-avans-devops-2324\\personal-avans-devops-2324-kevinkatja\\services\\database.js": {"path":"C:\\Users\\kevin\\OneDrive\\Oud\\Documenten\\GitHub\\OPDRACHTEN\\DEVOPS\\personal-avans-devops-2324\\personal-avans-devops-2324-kevinkatja\\services\\database.js","statementMap":{"0":{"start":{"line":1,"column":24},"end":{"line":1,"column":42}},"1":{"start":{"line":2,"column":12},"end":{"line":2,"column":33}},"2":{"start":{"line":3,"column":15},"end":{"line":3,"column":35}},"3":{"start":{"line":4,"column":11},"end":{"line":4,"column":41}},"4":{"start":{"line":6,"column":0},"end":{"line":9,"column":2}}},"fnMap":{},"branchMap":{},"s":{"0":1,"1":1,"2":1,"3":1,"4":1},"f":{},"b":{},"_coverageSchema":"1a1c01bbd47fc00a2c39e90264f33305004495a9","hash":"0e0d3fa12e080d5c8f6706eca2362b38dc7af056"}
}
